# JRE version: OpenJDK Runtime Environment (8.0_76-b03) (build 1.8.0_76-release-b03)
# Java VM: OpenJDK 64-Bit Server VM (25.76-b03 mixed mode windows-amd64 compressed oops)
Heap:
 PSYoungGen      total 222720K, used 131246K [0x00000000e0000000, 0x00000000ef680000, 0x0000000100000000)
  eden space 196096K, 63% used [0x00000000e0000000,0x00000000e7a78338,0x00000000ebf80000)
  from space 26624K, 21% used [0x00000000ebf80000,0x00000000ec533510,0x00000000ed980000)
  to   space 20992K, 0% used [0x00000000ed980000,0x00000000ed980000,0x00000000eee00000)
 ParOldGen       total 170496K, used 41688K [0x00000000a0000000, 0x00000000aa680000, 0x00000000e0000000)
  object space 170496K, 24% used [0x00000000a0000000,0x00000000a28b61e8,0x00000000aa680000)
 Metaspace       used 59983K, capacity 61708K, committed 61976K, reserved 1103872K
  class space    used 7846K, capacity 8218K, committed 8240K, reserved 1048576K
GC Heap History (10 events):
Event: 6.949 GC heap before
{Heap before GC invocations=10 (full 2):
 PSYoungGen      total 138240K, used 137216K [0x00000000e0000000, 0x00000000ec680000, 0x0000000100000000)
  eden space 124928K, 100% used [0x00000000e0000000,0x00000000e7a00000,0x00000000e7a00000)
  from space 13312K, 92% used [0x00000000e7a00000,0x00000000e86003b8,0x00000000e8700000)
  to   space 14848K, 0% used [0x00000000eb800000,0x00000000eb800000,0x00000000ec680000)
 ParOldGen       total 109568K, used 18364K [0x00000000a0000000, 0x00000000a6b00000, 0x00000000e0000000)
  object space 109568K, 16% used [0x00000000a0000000,0x00000000a11ef308,0x00000000a6b00000)
 Metaspace       used 50325K, capacity 51610K, committed 51888K, reserved 1093632K
  class space    used 6693K, capacity 6985K, committed 7088K, reserved 1048576K
Event: 6.963 GC heap after
Heap after GC invocations=10 (full 2):
 PSYoungGen      total 183296K, used 14847K [0x00000000e0000000, 0x00000000ec980000, 0x0000000100000000)
  eden space 168448K, 0% used [0x00000000e0000000,0x00000000e0000000,0x00000000ea480000)
  from space 14848K, 99% used [0x00000000eb800000,0x00000000ec67fe30,0x00000000ec680000)
  to   space 18944K, 0% used [0x00000000ea480000,0x00000000ea480000,0x00000000eb700000)
 ParOldGen       total 109568K, used 24022K [0x00000000a0000000, 0x00000000a6b00000, 0x00000000e0000000)
  object space 109568K, 21% used [0x00000000a0000000,0x00000000a1775a60,0x00000000a6b00000)
 Metaspace       used 50325K, capacity 51610K, committed 51888K, reserved 1093632K
  class space    used 6693K, capacity 6985K, committed 7088K, reserved 1048576K
}
Event: 8.473 GC heap before
{Heap before GC invocations=11 (full 2):
 PSYoungGen      total 183296K, used 183295K [0x00000000e0000000, 0x00000000ec980000, 0x0000000100000000)
  eden space 168448K, 100% used [0x00000000e0000000,0x00000000ea480000,0x00000000ea480000)
  from space 14848K, 99% used [0x00000000eb800000,0x00000000ec67fe30,0x00000000ec680000)
  to   space 18944K, 0% used [0x00000000ea480000,0x00000000ea480000,0x00000000eb700000)
 ParOldGen       total 109568K, used 24022K [0x00000000a0000000, 0x00000000a6b00000, 0x00000000e0000000)
  object space 109568K, 21% used [0x00000000a0000000,0x00000000a1775a60,0x00000000a6b00000)
 Metaspace       used 51913K, capacity 53340K, committed 53552K, reserved 1095680K
  class space    used 6876K, capacity 7192K, committed 7216K, reserved 1048576K
Event: 8.485 GC heap after
Heap after GC invocations=11 (full 2):
 PSYoungGen      total 187392K, used 17614K [0x00000000e0000000, 0x00000000eee00000, 0x0000000100000000)
  eden space 168448K, 0% used [0x00000000e0000000,0x00000000e0000000,0x00000000ea480000)
  from space 18944K, 92% used [0x00000000ea480000,0x00000000eb5b3a68,0x00000000eb700000)
  to   space 20992K, 0% used [0x00000000ed980000,0x00000000ed980000,0x00000000eee00000)
 ParOldGen       total 109568K, used 24030K [0x00000000a0000000, 0x00000000a6b00000, 0x00000000e0000000)
  object space 109568K, 21% used [0x00000000a0000000,0x00000000a1777a60,0x00000000a6b00000)
 Metaspace       used 51913K, capacity 53340K, committed 53552K, reserved 1095680K
  class space    used 6876K, capacity 7192K, committed 7216K, reserved 1048576K
}
Event: 11.221 GC heap before
{Heap before GC invocations=12 (full 2):
 PSYoungGen      total 187392K, used 98154K [0x00000000e0000000, 0x00000000eee00000, 0x0000000100000000)
  eden space 168448K, 47% used [0x00000000e0000000,0x00000000e4ea6dc8,0x00000000ea480000)
  from space 18944K, 92% used [0x00000000ea480000,0x00000000eb5b3a68,0x00000000eb700000)
  to   space 20992K, 0% used [0x00000000ed980000,0x00000000ed980000,0x00000000eee00000)
 ParOldGen       total 109568K, used 24030K [0x00000000a0000000, 0x00000000a6b00000, 0x00000000e0000000)
  object space 109568K, 21% used [0x00000000a0000000,0x00000000a1777a60,0x00000000a6b00000)
 Metaspace       used 57584K, capacity 59062K, committed 59160K, reserved 1099776K
  class space    used 7560K, capacity 7927K, committed 7984K, reserved 1048576K
Event: 11.241 GC heap after
Heap after GC invocations=12 (full 2):
 PSYoungGen      total 217088K, used 20982K [0x00000000e0000000, 0x00000000ef680000, 0x0000000100000000)
  eden space 196096K, 0% used [0x00000000e0000000,0x00000000e0000000,0x00000000ebf80000)
  from space 20992K, 99% used [0x00000000ed980000,0x00000000eedfdab8,0x00000000eee00000)
  to   space 26624K, 0% used [0x00000000ebf80000,0x00000000ebf80000,0x00000000ed980000)
 ParOldGen       total 109568K, used 31481K [0x00000000a0000000, 0x00000000a6b00000, 0x00000000e0000000)
  object space 109568K, 28% used [0x00000000a0000000,0x00000000a1ebe4d8,0x00000000a6b00000)
 Metaspace       used 57584K, capacity 59062K, committed 59160K, reserved 1099776K
  class space    used 7560K, capacity 7927K, committed 7984K, reserved 1048576K
}
Event: 11.241 GC heap before
{Heap before GC invocations=13 (full 3):
 PSYoungGen      total 217088K, used 20982K [0x00000000e0000000, 0x00000000ef680000, 0x0000000100000000)
  eden space 196096K, 0% used [0x00000000e0000000,0x00000000e0000000,0x00000000ebf80000)
  from space 20992K, 99% used [0x00000000ed980000,0x00000000eedfdab8,0x00000000eee00000)
  to   space 26624K, 0% used [0x00000000ebf80000,0x00000000ebf80000,0x00000000ed980000)
 ParOldGen       total 109568K, used 31481K [0x00000000a0000000, 0x00000000a6b00000, 0x00000000e0000000)
  object space 109568K, 28% used [0x00000000a0000000,0x00000000a1ebe4d8,0x00000000a6b00000)
 Metaspace       used 57584K, capacity 59062K, committed 59160K, reserved 1099776K
  class space    used 7560K, capacity 7927K, committed 7984K, reserved 1048576K
Event: 11.363 GC heap after
Heap after GC invocations=13 (full 3):
 PSYoungGen      total 217088K, used 0K [0x00000000e0000000, 0x00000000ef680000, 0x0000000100000000)
  eden space 196096K, 0% used [0x00000000e0000000,0x00000000e0000000,0x00000000ebf80000)
  from space 20992K, 0% used [0x00000000ed980000,0x00000000ed980000,0x00000000eee00000)
  to   space 26624K, 0% used [0x00000000ebf80000,0x00000000ebf80000,0x00000000ed980000)
 ParOldGen       total 170496K, used 41680K [0x00000000a0000000, 0x00000000aa680000, 0x00000000e0000000)
  object space 170496K, 24% used [0x00000000a0000000,0x00000000a28b41e8,0x00000000aa680000)
 Metaspace       used 57537K, capacity 58954K, committed 59160K, reserved 1099776K
  class space    used 7542K, capacity 7893K, committed 7984K, reserved 1048576K
}
Event: 11.737 GC heap before
{Heap before GC invocations=14 (full 3):
 PSYoungGen      total 217088K, used 195590K [0x00000000e0000000, 0x00000000ef680000, 0x0000000100000000)
  eden space 196096K, 99% used [0x00000000e0000000,0x00000000ebf01978,0x00000000ebf80000)
  from space 20992K, 0% used [0x00000000ed980000,0x00000000ed980000,0x00000000eee00000)
  to   space 26624K, 0% used [0x00000000ebf80000,0x00000000ebf80000,0x00000000ed980000)
 ParOldGen       total 170496K, used 41680K [0x00000000a0000000, 0x00000000aa680000, 0x00000000e0000000)
  object space 170496K, 24% used [0x00000000a0000000,0x00000000a28b41e8,0x00000000aa680000)
 Metaspace       used 58706K, capacity 60334K, committed 60568K, reserved 1101824K
  class space    used 7695K, capacity 8069K, committed 8112K, reserved 1048576K
Event: 11.741 GC heap after
Heap after GC invocations=14 (full 3):
 PSYoungGen      total 222720K, used 5837K [0x00000000e0000000, 0x00000000ef680000, 0x0000000100000000)
  eden space 196096K, 0% used [0x00000000e0000000,0x00000000e0000000,0x00000000ebf80000)
  from space 26624K, 21% used [0x00000000ebf80000,0x00000000ec533510,0x00000000ed980000)
  to   space 20992K, 0% used [0x00000000ed980000,0x00000000ed980000,0x00000000eee00000)
 ParOldGen       total 170496K, used 41688K [0x00000000a0000000, 0x00000000aa680000, 0x00000000e0000000)
  object space 170496K, 24% used [0x00000000a0000000,0x00000000a28b61e8,0x00000000aa680000)
 Metaspace       used 58706K, capacity 60334K, committed 60568K, reserved 1101824K
  class space    used 7695K, capacity 8069K, committed 8112K, reserved 1048576K
}

