# JRE version: OpenJDK Runtime Environment (8.0_76-b03) (build 1.8.0_76-release-b03)
# Java VM: OpenJDK 64-Bit Server VM (25.76-b03 mixed mode windows-amd64 compressed oops)
Heap:
 PSYoungGen      total 101376K, used 21146K [0x00000000e0000000, 0x00000000e7700000, 0x0000000100000000)
  eden space 90112K, 23% used [0x00000000e0000000,0x00000000e14a6b60,0x00000000e5800000)
  from space 11264K, 0% used [0x00000000e6300000,0x00000000e6300000,0x00000000e6e00000)
  to   space 11264K, 0% used [0x00000000e5800000,0x00000000e5800000,0x00000000e6300000)
 ParOldGen       total 89600K, used 15271K [0x00000000a0000000, 0x00000000a5780000, 0x00000000e0000000)
  object space 89600K, 17% used [0x00000000a0000000,0x00000000a0ee9ca0,0x00000000a5780000)
 Metaspace       used 35885K, capacity 36626K, committed 36912K, reserved 1081344K
  class space    used 4823K, capacity 5060K, committed 5168K, reserved 1048576K
GC Heap History (10 events):
Event: 4.305 GC heap before
{Heap before GC invocations=8 (full 1):
 PSYoungGen      total 58880K, used 53513K [0x00000000e0000000, 0x00000000e4500000, 0x0000000100000000)
  eden space 48128K, 100% used [0x00000000e0000000,0x00000000e2f00000,0x00000000e2f00000)
  from space 10752K, 50% used [0x00000000e3980000,0x00000000e3ec2448,0x00000000e4400000)
  to   space 10752K, 0% used [0x00000000e2f00000,0x00000000e2f00000,0x00000000e3980000)
 ParOldGen       total 68608K, used 11038K [0x00000000a0000000, 0x00000000a4300000, 0x00000000e0000000)
  object space 68608K, 16% used [0x00000000a0000000,0x00000000a0ac7a78,0x00000000a4300000)
 Metaspace       used 28200K, capacity 28838K, committed 29232K, reserved 1075200K
  class space    used 3863K, capacity 4039K, committed 4144K, reserved 1048576K
Event: 4.310 GC heap after
Heap after GC invocations=8 (full 1):
 PSYoungGen      total 58880K, used 5540K [0x00000000e0000000, 0x00000000e5880000, 0x0000000100000000)
  eden space 48128K, 0% used [0x00000000e0000000,0x00000000e0000000,0x00000000e2f00000)
  from space 10752K, 51% used [0x00000000e2f00000,0x00000000e3469290,0x00000000e3980000)
  to   space 10240K, 0% used [0x00000000e4e80000,0x00000000e4e80000,0x00000000e5880000)
 ParOldGen       total 68608K, used 11054K [0x00000000a0000000, 0x00000000a4300000, 0x00000000e0000000)
  object space 68608K, 16% used [0x00000000a0000000,0x00000000a0acba90,0x00000000a4300000)
 Metaspace       used 28200K, capacity 28838K, committed 29232K, reserved 1075200K
  class space    used 3863K, capacity 4039K, committed 4144K, reserved 1048576K
}
Event: 4.806 GC heap before
{Heap before GC invocations=9 (full 1):
 PSYoungGen      total 58880K, used 53668K [0x00000000e0000000, 0x00000000e5880000, 0x0000000100000000)
  eden space 48128K, 100% used [0x00000000e0000000,0x00000000e2f00000,0x00000000e2f00000)
  from space 10752K, 51% used [0x00000000e2f00000,0x00000000e3469290,0x00000000e3980000)
  to   space 10240K, 0% used [0x00000000e4e80000,0x00000000e4e80000,0x00000000e5880000)
 ParOldGen       total 68608K, used 11054K [0x00000000a0000000, 0x00000000a4300000, 0x00000000e0000000)
  object space 68608K, 16% used [0x00000000a0000000,0x00000000a0acba90,0x00000000a4300000)
 Metaspace       used 28959K, capacity 29564K, committed 29744K, reserved 1075200K
  class space    used 3939K, capacity 4109K, committed 4144K, reserved 1048576K
Event: 4.810 GC heap after
Heap after GC invocations=9 (full 1):
 PSYoungGen      total 78336K, used 5076K [0x00000000e0000000, 0x00000000e5780000, 0x0000000100000000)
  eden space 69120K, 0% used [0x00000000e0000000,0x00000000e0000000,0x00000000e4380000)
  from space 9216K, 55% used [0x00000000e4e80000,0x00000000e5375030,0x00000000e5780000)
  to   space 10240K, 0% used [0x00000000e4380000,0x00000000e4380000,0x00000000e4d80000)
 ParOldGen       total 68608K, used 11062K [0x00000000a0000000, 0x00000000a4300000, 0x00000000e0000000)
  object space 68608K, 16% used [0x00000000a0000000,0x00000000a0acda90,0x00000000a4300000)
 Metaspace       used 28959K, capacity 29564K, committed 29744K, reserved 1075200K
  class space    used 3939K, capacity 4109K, committed 4144K, reserved 1048576K
}
Event: 5.314 GC heap before
{Heap before GC invocations=10 (full 1):
 PSYoungGen      total 78336K, used 74196K [0x00000000e0000000, 0x00000000e5780000, 0x0000000100000000)
  eden space 69120K, 100% used [0x00000000e0000000,0x00000000e4380000,0x00000000e4380000)
  from space 9216K, 55% used [0x00000000e4e80000,0x00000000e5375030,0x00000000e5780000)
  to   space 10240K, 0% used [0x00000000e4380000,0x00000000e4380000,0x00000000e4d80000)
 ParOldGen       total 68608K, used 11062K [0x00000000a0000000, 0x00000000a4300000, 0x00000000e0000000)
  object space 68608K, 16% used [0x00000000a0000000,0x00000000a0acda90,0x00000000a4300000)
 Metaspace       used 34180K, capacity 34922K, committed 35376K, reserved 1079296K
  class space    used 4604K, capacity 4792K, committed 4912K, reserved 1048576K
Event: 5.327 GC heap after
Heap after GC invocations=10 (full 1):
 PSYoungGen      total 79360K, used 10231K [0x00000000e0000000, 0x00000000e6e00000, 0x0000000100000000)
  eden space 69120K, 0% used [0x00000000e0000000,0x00000000e0000000,0x00000000e4380000)
  from space 10240K, 99% used [0x00000000e4380000,0x00000000e4d7dc58,0x00000000e4d80000)
  to   space 11264K, 0% used [0x00000000e6300000,0x00000000e6300000,0x00000000e6e00000)
 ParOldGen       total 68608K, used 11368K [0x00000000a0000000, 0x00000000a4300000, 0x00000000e0000000)
  object space 68608K, 16% used [0x00000000a0000000,0x00000000a0b1a168,0x00000000a4300000)
 Metaspace       used 34180K, capacity 34922K, committed 35376K, reserved 1079296K
  class space    used 4604K, capacity 4792K, committed 4912K, reserved 1048576K
}
Event: 5.368 GC heap before
{Heap before GC invocations=11 (full 1):
 PSYoungGen      total 79360K, used 15748K [0x00000000e0000000, 0x00000000e6e00000, 0x0000000100000000)
  eden space 69120K, 7% used [0x00000000e0000000,0x00000000e0563518,0x00000000e4380000)
  from space 10240K, 99% used [0x00000000e4380000,0x00000000e4d7dc58,0x00000000e4d80000)
  to   space 11264K, 0% used [0x00000000e6300000,0x00000000e6300000,0x00000000e6e00000)
 ParOldGen       total 68608K, used 11368K [0x00000000a0000000, 0x00000000a4300000, 0x00000000e0000000)
  object space 68608K, 16% used [0x00000000a0000000,0x00000000a0b1a168,0x00000000a4300000)
 Metaspace       used 34664K, capacity 35324K, committed 35496K, reserved 1079296K
  class space    used 4664K, capacity 4859K, committed 4912K, reserved 1048576K
Event: 5.373 GC heap after
Heap after GC invocations=11 (full 1):
 PSYoungGen      total 101376K, used 7475K [0x00000000e0000000, 0x00000000e7700000, 0x0000000100000000)
  eden space 90112K, 0% used [0x00000000e0000000,0x00000000e0000000,0x00000000e5800000)
  from space 11264K, 66% used [0x00000000e6300000,0x00000000e6a4ced0,0x00000000e6e00000)
  to   space 11264K, 0% used [0x00000000e5800000,0x00000000e5800000,0x00000000e6300000)
 ParOldGen       total 68608K, used 11376K [0x00000000a0000000, 0x00000000a4300000, 0x00000000e0000000)
  object space 68608K, 16% used [0x00000000a0000000,0x00000000a0b1c168,0x00000000a4300000)
 Metaspace       used 34664K, capacity 35324K, committed 35496K, reserved 1079296K
  class space    used 4664K, capacity 4859K, committed 4912K, reserved 1048576K
}
Event: 5.373 GC heap before
{Heap before GC invocations=12 (full 2):
 PSYoungGen      total 101376K, used 7475K [0x00000000e0000000, 0x00000000e7700000, 0x0000000100000000)
  eden space 90112K, 0% used [0x00000000e0000000,0x00000000e0000000,0x00000000e5800000)
  from space 11264K, 66% used [0x00000000e6300000,0x00000000e6a4ced0,0x00000000e6e00000)
  to   space 11264K, 0% used [0x00000000e5800000,0x00000000e5800000,0x00000000e6300000)
 ParOldGen       total 68608K, used 11376K [0x00000000a0000000, 0x00000000a4300000, 0x00000000e0000000)
  object space 68608K, 16% used [0x00000000a0000000,0x00000000a0b1c168,0x00000000a4300000)
 Metaspace       used 34664K, capacity 35324K, committed 35496K, reserved 1079296K
  class space    used 4664K, capacity 4859K, committed 4912K, reserved 1048576K
Event: 5.420 GC heap after
Heap after GC invocations=12 (full 2):
 PSYoungGen      total 101376K, used 0K [0x00000000e0000000, 0x00000000e7700000, 0x0000000100000000)
  eden space 90112K, 0% used [0x00000000e0000000,0x00000000e0000000,0x00000000e5800000)
  from space 11264K, 0% used [0x00000000e6300000,0x00000000e6300000,0x00000000e6e00000)
  to   space 11264K, 0% used [0x00000000e5800000,0x00000000e5800000,0x00000000e6300000)
 ParOldGen       total 89600K, used 15271K [0x00000000a0000000, 0x00000000a5780000, 0x00000000e0000000)
  object space 89600K, 17% used [0x00000000a0000000,0x00000000a0ee9ca0,0x00000000a5780000)
 Metaspace       used 34664K, capacity 35324K, committed 35496K, reserved 1079296K
  class space    used 4664K, capacity 4859K, committed 4912K, reserved 1048576K
}

