# JRE version: OpenJDK Runtime Environment (8.0_76-b03) (build 1.8.0_76-release-b03)
# Java VM: OpenJDK 64-Bit Server VM (25.76-b03 mixed mode windows-amd64 compressed oops)
Heap:
 PSYoungGen      total 240128K, used 240123K [0x00000000e0000000, 0x00000000f3200000, 0x0000000100000000)
  eden space 215040K, 100% used [0x00000000e0000000,0x00000000ed200000,0x00000000ed200000)
  from space 25088K, 99% used [0x00000000eef80000,0x00000000f07fee10,0x00000000f0800000)
  to   space 30208K, 99% used [0x00000000ed200000,0x00000000eef7c900,0x00000000eef80000)
 ParOldGen       total 123904K, used 62720K [0x00000000a0000000, 0x00000000a7900000, 0x00000000e0000000)
  object space 123904K, 50% used [0x00000000a0000000,0x00000000a3d44318,0x00000000a7900000)
 Metaspace       used 77352K, capacity 81096K, committed 81200K, reserved 1120256K
  class space    used 10001K, capacity 10788K, committed 10800K, reserved 1048576K
GC Heap History (10 events):
Event: 696.483 GC heap after
Heap after GC invocations=20 (full 4):
 PSYoungGen      total 199680K, used 22280K [0x00000000e0000000, 0x00000000f0680000, 0x0000000100000000)
  eden space 177152K, 0% used [0x00000000e0000000,0x00000000e0000000,0x00000000ead00000)
  from space 22528K, 98% used [0x00000000ef080000,0x00000000f0642260,0x00000000f0680000)
  to   space 26624K, 0% used [0x00000000ed280000,0x00000000ed280000,0x00000000eec80000)
 ParOldGen       total 123904K, used 56086K [0x00000000a0000000, 0x00000000a7900000, 0x00000000e0000000)
  object space 123904K, 45% used [0x00000000a0000000,0x00000000a36c5bc0,0x00000000a7900000)
 Metaspace       used 67520K, capacity 70960K, committed 71088K, reserved 1110016K
  class space    used 8913K, capacity 9608K, committed 9648K, reserved 1048576K
}
Event: 699.481 GC heap before
{Heap before GC invocations=21 (full 4):
 PSYoungGen      total 199680K, used 198870K [0x00000000e0000000, 0x00000000f0680000, 0x0000000100000000)
  eden space 177152K, 99% used [0x00000000e0000000,0x00000000eac73758,0x00000000ead00000)
  from space 22528K, 98% used [0x00000000ef080000,0x00000000f0642260,0x00000000f0680000)
  to   space 26624K, 0% used [0x00000000ed280000,0x00000000ed280000,0x00000000eec80000)
 ParOldGen       total 123904K, used 56086K [0x00000000a0000000, 0x00000000a7900000, 0x00000000e0000000)
  object space 123904K, 45% used [0x00000000a0000000,0x00000000a36c5bc0,0x00000000a7900000)
 Metaspace       used 67715K, capacity 71150K, committed 71344K, reserved 1112064K
  class space    used 8917K, capacity 9645K, committed 9648K, reserved 1048576K
Event: 699.498 GC heap after
Heap after GC invocations=21 (full 4):
 PSYoungGen      total 187904K, used 16180K [0x00000000e0000000, 0x00000000ef100000, 0x0000000100000000)
  eden space 171520K, 0% used [0x00000000e0000000,0x00000000e0000000,0x00000000ea780000)
  from space 16384K, 98% used [0x00000000ed280000,0x00000000ee24d1b0,0x00000000ee280000)
  to   space 14848K, 0% used [0x00000000ee280000,0x00000000ee280000,0x00000000ef100000)
 ParOldGen       total 123904K, used 56094K [0x00000000a0000000, 0x00000000a7900000, 0x00000000e0000000)
  object space 123904K, 45% used [0x00000000a0000000,0x00000000a36c7bc0,0x00000000a7900000)
 Metaspace       used 67715K, capacity 71150K, committed 71344K, reserved 1112064K
  class space    used 8917K, capacity 9645K, committed 9648K, reserved 1048576K
}
Event: 701.960 GC heap before
{Heap before GC invocations=22 (full 4):
 PSYoungGen      total 187904K, used 187028K [0x00000000e0000000, 0x00000000ef100000, 0x0000000100000000)
  eden space 171520K, 99% used [0x00000000e0000000,0x00000000ea6d8118,0x00000000ea780000)
  from space 16384K, 98% used [0x00000000ed280000,0x00000000ee24d1b0,0x00000000ee280000)
  to   space 14848K, 0% used [0x00000000ee280000,0x00000000ee280000,0x00000000ef100000)
 ParOldGen       total 123904K, used 56094K [0x00000000a0000000, 0x00000000a7900000, 0x00000000e0000000)
  object space 123904K, 45% used [0x00000000a0000000,0x00000000a36c7bc0,0x00000000a7900000)
 Metaspace       used 73656K, capacity 77230K, committed 77488K, reserved 1116160K
  class space    used 9636K, capacity 10391K, committed 10416K, reserved 1048576K
Event: 701.973 GC heap after
Heap after GC invocations=22 (full 4):
 PSYoungGen      total 178688K, used 12133K [0x00000000e0000000, 0x00000000eee80000, 0x0000000100000000)
  eden space 166400K, 0% used [0x00000000e0000000,0x00000000e0000000,0x00000000ea280000)
  from space 12288K, 98% used [0x00000000ee280000,0x00000000eee596b8,0x00000000eee80000)
  to   space 25600K, 0% used [0x00000000ebc80000,0x00000000ebc80000,0x00000000ed580000)
 ParOldGen       total 123904K, used 56110K [0x00000000a0000000, 0x00000000a7900000, 0x00000000e0000000)
  object space 123904K, 45% used [0x00000000a0000000,0x00000000a36cbbc0,0x00000000a7900000)
 Metaspace       used 73656K, capacity 77230K, committed 77488K, reserved 1116160K
  class space    used 9636K, capacity 10391K, committed 10416K, reserved 1048576K
}
Event: 701.999 GC heap before
{Heap before GC invocations=23 (full 4):
 PSYoungGen      total 178688K, used 178183K [0x00000000e0000000, 0x00000000eee80000, 0x0000000100000000)
  eden space 166400K, 99% used [0x00000000e0000000,0x00000000ea228608,0x00000000ea280000)
  from space 12288K, 98% used [0x00000000ee280000,0x00000000eee596b8,0x00000000eee80000)
  to   space 25600K, 0% used [0x00000000ebc80000,0x00000000ebc80000,0x00000000ed580000)
 ParOldGen       total 123904K, used 56110K [0x00000000a0000000, 0x00000000a7900000, 0x00000000e0000000)
  object space 123904K, 45% used [0x00000000a0000000,0x00000000a36cbbc0,0x00000000a7900000)
 Metaspace       used 73660K, capacity 77230K, committed 77488K, reserved 1116160K
  class space    used 9636K, capacity 10391K, committed 10416K, reserved 1048576K
Event: 702.010 GC heap after
Heap after GC invocations=23 (full 4):
 PSYoungGen      total 218624K, used 10559K [0x00000000e0000000, 0x00000000f0800000, 0x0000000100000000)
  eden space 193024K, 0% used [0x00000000e0000000,0x00000000e0000000,0x00000000ebc80000)
  from space 25600K, 41% used [0x00000000ebc80000,0x00000000ec6cfdb8,0x00000000ed580000)
  to   space 25088K, 0% used [0x00000000eef80000,0x00000000eef80000,0x00000000f0800000)
 ParOldGen       total 123904K, used 56118K [0x00000000a0000000, 0x00000000a7900000, 0x00000000e0000000)
  object space 123904K, 45% used [0x00000000a0000000,0x00000000a36cdbc0,0x00000000a7900000)
 Metaspace       used 73660K, capacity 77230K, committed 77488K, reserved 1116160K
  class space    used 9636K, capacity 10391K, committed 10416K, reserved 1048576K
}
Event: 704.120 GC heap before
{Heap before GC invocations=24 (full 4):
 PSYoungGen      total 218624K, used 203583K [0x00000000e0000000, 0x00000000f0800000, 0x0000000100000000)
  eden space 193024K, 100% used [0x00000000e0000000,0x00000000ebc80000,0x00000000ebc80000)
  from space 25600K, 41% used [0x00000000ebc80000,0x00000000ec6cfdb8,0x00000000ed580000)
  to   space 25088K, 0% used [0x00000000eef80000,0x00000000eef80000,0x00000000f0800000)
 ParOldGen       total 123904K, used 56118K [0x00000000a0000000, 0x00000000a7900000, 0x00000000e0000000)
  object space 123904K, 45% used [0x00000000a0000000,0x00000000a36cdbc0,0x00000000a7900000)
 Metaspace       used 77157K, capacity 80904K, committed 80944K, reserved 1120256K
  class space    used 9998K, capacity 10788K, committed 10800K, reserved 1048576K
Event: 704.183 GC heap after
Heap after GC invocations=24 (full 4):
 PSYoungGen      total 240128K, used 25083K [0x00000000e0000000, 0x00000000f3200000, 0x0000000100000000)
  eden space 215040K, 0% used [0x00000000e0000000,0x00000000e0000000,0x00000000ed200000)
  from space 25088K, 99% used [0x00000000eef80000,0x00000000f07fee10,0x00000000f0800000)
  to   space 30208K, 0% used [0x00000000ed200000,0x00000000ed200000,0x00000000eef80000)
 ParOldGen       total 123904K, used 61144K [0x00000000a0000000, 0x00000000a7900000, 0x00000000e0000000)
  object space 123904K, 49% used [0x00000000a0000000,0x00000000a3bb6318,0x00000000a7900000)
 Metaspace       used 77157K, capacity 80904K, committed 80944K, reserved 1120256K
  class space    used 9998K, capacity 10788K, committed 10800K, reserved 1048576K
}
Event: 705.010 GC heap before
{Heap before GC invocations=25 (full 4):
 PSYoungGen      total 240128K, used 240123K [0x00000000e0000000, 0x00000000f3200000, 0x0000000100000000)
  eden space 215040K, 100% used [0x00000000e0000000,0x00000000ed200000,0x00000000ed200000)
  from space 25088K, 99% used [0x00000000eef80000,0x00000000f07fee10,0x00000000f0800000)
  to   space 30208K, 0% used [0x00000000ed200000,0x00000000ed200000,0x00000000eef80000)
 ParOldGen       total 123904K, used 61144K [0x00000000a0000000, 0x00000000a7900000, 0x00000000e0000000)
  object space 123904K, 49% used [0x00000000a0000000,0x00000000a3bb6318,0x00000000a7900000)
 Metaspace       used 77352K, capacity 81096K, committed 81200K, reserved 1120256K
  class space    used 10001K, capacity 10788K, committed 10800K, reserved 1048576K

