# JRE version: OpenJDK Runtime Environment (8.0_76-b03) (build 1.8.0_76-release-b03)
# Java VM: OpenJDK 64-Bit Server VM (25.76-b03 mixed mode windows-amd64 compressed oops)
Heap:
 PSYoungGen      total 93184K, used 43239K [0x00000000e0000000, 0x00000000e7f80000, 0x0000000100000000)
  eden space 81920K, 39% used [0x00000000e0000000,0x00000000e1f7ac70,0x00000000e5000000)
  from space 11264K, 97% used [0x00000000e5000000,0x00000000e5abf298,0x00000000e5b00000)
  to   space 12288K, 0% used [0x00000000e7380000,0x00000000e7380000,0x00000000e7f80000)
 ParOldGen       total 103424K, used 17878K [0x00000000a0000000, 0x00000000a6500000, 0x00000000e0000000)
  object space 103424K, 17% used [0x00000000a0000000,0x00000000a1175a40,0x00000000a6500000)
 Metaspace       used 48050K, capacity 49068K, committed 49192K, reserved 1091584K
  class space    used 6351K, capacity 6630K, committed 6704K, reserved 1048576K
GC Heap History (10 events):
Event: 13.633 GC heap before
{Heap before GC invocations=9 (full 1):
 PSYoungGen      total 57856K, used 52502K [0x00000000e0000000, 0x00000000e5680000, 0x0000000100000000)
  eden space 47104K, 100% used [0x00000000e0000000,0x00000000e2e00000,0x00000000e2e00000)
  from space 10752K, 50% used [0x00000000e2e00000,0x00000000e3345920,0x00000000e3880000)
  to   space 10240K, 0% used [0x00000000e4c80000,0x00000000e4c80000,0x00000000e5680000)
 ParOldGen       total 67584K, used 10321K [0x00000000a0000000, 0x00000000a4200000, 0x00000000e0000000)
  object space 67584K, 15% used [0x00000000a0000000,0x00000000a0a14770,0x00000000a4200000)
 Metaspace       used 28925K, capacity 29504K, committed 29744K, reserved 1075200K
  class space    used 3938K, capacity 4109K, committed 4144K, reserved 1048576K
Event: 13.639 GC heap after
Heap after GC invocations=9 (full 1):
 PSYoungGen      total 73216K, used 4884K [0x00000000e0000000, 0x00000000e5400000, 0x0000000100000000)
  eden space 65536K, 0% used [0x00000000e0000000,0x00000000e0000000,0x00000000e4000000)
  from space 7680K, 63% used [0x00000000e4c80000,0x00000000e5145020,0x00000000e5400000)
  to   space 10240K, 0% used [0x00000000e4000000,0x00000000e4000000,0x00000000e4a00000)
 ParOldGen       total 67584K, used 10393K [0x00000000a0000000, 0x00000000a4200000, 0x00000000e0000000)
  object space 67584K, 15% used [0x00000000a0000000,0x00000000a0a26780,0x00000000a4200000)
 Metaspace       used 28925K, capacity 29504K, committed 29744K, reserved 1075200K
  class space    used 3938K, capacity 4109K, committed 4144K, reserved 1048576K
}
Event: 14.441 GC heap before
{Heap before GC invocations=10 (full 1):
 PSYoungGen      total 73216K, used 43824K [0x00000000e0000000, 0x00000000e5400000, 0x0000000100000000)
  eden space 65536K, 59% used [0x00000000e0000000,0x00000000e26070a8,0x00000000e4000000)
  from space 7680K, 63% used [0x00000000e4c80000,0x00000000e5145020,0x00000000e5400000)
  to   space 10240K, 0% used [0x00000000e4000000,0x00000000e4000000,0x00000000e4a00000)
 ParOldGen       total 67584K, used 10393K [0x00000000a0000000, 0x00000000a4200000, 0x00000000e0000000)
  object space 67584K, 15% used [0x00000000a0000000,0x00000000a0a26780,0x00000000a4200000)
 Metaspace       used 34614K, capacity 35282K, committed 35496K, reserved 1079296K
  class space    used 4601K, capacity 4760K, committed 4784K, reserved 1048576K
Event: 14.447 GC heap after
Heap after GC invocations=10 (full 1):
 PSYoungGen      total 75776K, used 10235K [0x00000000e0000000, 0x00000000e6600000, 0x0000000100000000)
  eden space 65536K, 0% used [0x00000000e0000000,0x00000000e0000000,0x00000000e4000000)
  from space 10240K, 99% used [0x00000000e4000000,0x00000000e49fecb8,0x00000000e4a00000)
  to   space 11264K, 0% used [0x00000000e5b00000,0x00000000e5b00000,0x00000000e6600000)
 ParOldGen       total 67584K, used 10401K [0x00000000a0000000, 0x00000000a4200000, 0x00000000e0000000)
  object space 67584K, 15% used [0x00000000a0000000,0x00000000a0a28780,0x00000000a4200000)
 Metaspace       used 34614K, capacity 35282K, committed 35496K, reserved 1079296K
  class space    used 4601K, capacity 4760K, committed 4784K, reserved 1048576K
}
Event: 14.447 GC heap before
{Heap before GC invocations=11 (full 2):
 PSYoungGen      total 75776K, used 10235K [0x00000000e0000000, 0x00000000e6600000, 0x0000000100000000)
  eden space 65536K, 0% used [0x00000000e0000000,0x00000000e0000000,0x00000000e4000000)
  from space 10240K, 99% used [0x00000000e4000000,0x00000000e49fecb8,0x00000000e4a00000)
  to   space 11264K, 0% used [0x00000000e5b00000,0x00000000e5b00000,0x00000000e6600000)
 ParOldGen       total 67584K, used 10401K [0x00000000a0000000, 0x00000000a4200000, 0x00000000e0000000)
  object space 67584K, 15% used [0x00000000a0000000,0x00000000a0a28780,0x00000000a4200000)
 Metaspace       used 34614K, capacity 35282K, committed 35496K, reserved 1079296K
  class space    used 4601K, capacity 4760K, committed 4784K, reserved 1048576K
Event: 14.501 GC heap after
Heap after GC invocations=11 (full 2):
 PSYoungGen      total 75776K, used 0K [0x00000000e0000000, 0x00000000e6600000, 0x0000000100000000)
  eden space 65536K, 0% used [0x00000000e0000000,0x00000000e0000000,0x00000000e4000000)
  from space 10240K, 0% used [0x00000000e4000000,0x00000000e4000000,0x00000000e4a00000)
  to   space 11264K, 0% used [0x00000000e5b00000,0x00000000e5b00000,0x00000000e6600000)
 ParOldGen       total 103424K, used 17798K [0x00000000a0000000, 0x00000000a6500000, 0x00000000e0000000)
  object space 103424K, 17% used [0x00000000a0000000,0x00000000a1161a30,0x00000000a6500000)
 Metaspace       used 34588K, capacity 35194K, committed 35496K, reserved 1079296K
  class space    used 4593K, capacity 4752K, committed 4784K, reserved 1048576K
}
Event: 15.223 GC heap before
{Heap before GC invocations=12 (full 2):
 PSYoungGen      total 75776K, used 65536K [0x00000000e0000000, 0x00000000e6600000, 0x0000000100000000)
  eden space 65536K, 100% used [0x00000000e0000000,0x00000000e4000000,0x00000000e4000000)
  from space 10240K, 0% used [0x00000000e4000000,0x00000000e4000000,0x00000000e4a00000)
  to   space 11264K, 0% used [0x00000000e5b00000,0x00000000e5b00000,0x00000000e6600000)
 ParOldGen       total 103424K, used 17798K [0x00000000a0000000, 0x00000000a6500000, 0x00000000e0000000)
  object space 103424K, 17% used [0x00000000a0000000,0x00000000a1161a30,0x00000000a6500000)
 Metaspace       used 38242K, capacity 38960K, committed 39336K, reserved 1083392K
  class space    used 5060K, capacity 5277K, committed 5296K, reserved 1048576K
Event: 15.229 GC heap after
Heap after GC invocations=12 (full 2):
 PSYoungGen      total 93184K, used 6997K [0x00000000e0000000, 0x00000000e6780000, 0x0000000100000000)
  eden space 81920K, 0% used [0x00000000e0000000,0x00000000e0000000,0x00000000e5000000)
  from space 11264K, 62% used [0x00000000e5b00000,0x00000000e61d57b8,0x00000000e6600000)
  to   space 11264K, 0% used [0x00000000e5000000,0x00000000e5000000,0x00000000e5b00000)
 ParOldGen       total 103424K, used 17806K [0x00000000a0000000, 0x00000000a6500000, 0x00000000e0000000)
  object space 103424K, 17% used [0x00000000a0000000,0x00000000a1163a30,0x00000000a6500000)
 Metaspace       used 38242K, capacity 38960K, committed 39336K, reserved 1083392K
  class space    used 5060K, capacity 5277K, committed 5296K, reserved 1048576K
}
Event: 17.167 GC heap before
{Heap before GC invocations=13 (full 2):
 PSYoungGen      total 93184K, used 88917K [0x00000000e0000000, 0x00000000e6780000, 0x0000000100000000)
  eden space 81920K, 100% used [0x00000000e0000000,0x00000000e5000000,0x00000000e5000000)
  from space 11264K, 62% used [0x00000000e5b00000,0x00000000e61d57b8,0x00000000e6600000)
  to   space 11264K, 0% used [0x00000000e5000000,0x00000000e5000000,0x00000000e5b00000)
 ParOldGen       total 103424K, used 17806K [0x00000000a0000000, 0x00000000a6500000, 0x00000000e0000000)
  object space 103424K, 17% used [0x00000000a0000000,0x00000000a1163a30,0x00000000a6500000)
 Metaspace       used 44878K, capacity 45880K, committed 46120K, reserved 1089536K
  class space    used 5937K, capacity 6170K, committed 6192K, reserved 1048576K
Event: 17.188 GC heap after
Heap after GC invocations=13 (full 2):
 PSYoungGen      total 93184K, used 11004K [0x00000000e0000000, 0x00000000e7f80000, 0x0000000100000000)
  eden space 81920K, 0% used [0x00000000e0000000,0x00000000e0000000,0x00000000e5000000)
  from space 11264K, 97% used [0x00000000e5000000,0x00000000e5abf298,0x00000000e5b00000)
  to   space 12288K, 0% used [0x00000000e7380000,0x00000000e7380000,0x00000000e7f80000)
 ParOldGen       total 103424K, used 17878K [0x00000000a0000000, 0x00000000a6500000, 0x00000000e0000000)
  object space 103424K, 17% used [0x00000000a0000000,0x00000000a1175a40,0x00000000a6500000)
 Metaspace       used 44878K, capacity 45880K, committed 46120K, reserved 1089536K
  class space    used 5937K, capacity 6170K, committed 6192K, reserved 1048576K
}

