# JRE version: OpenJDK Runtime Environment (8.0_76-b03) (build 1.8.0_76-release-b03)
# Java VM: OpenJDK 64-Bit Server VM (25.76-b03 mixed mode windows-amd64 compressed oops)
Heap:
 PSYoungGen      total 115200K, used 14948K [0x00000000e0000000, 0x00000000e7d80000, 0x0000000100000000)
  eden space 104448K, 4% used [0x00000000e0000000,0x00000000e0419490,0x00000000e6600000)
  from space 10752K, 99% used [0x00000000e6880000,0x00000000e72ffe30,0x00000000e7300000)
  to   space 8192K, 0% used [0x00000000e7580000,0x00000000e7580000,0x00000000e7d80000)
 ParOldGen       total 94208K, used 22795K [0x00000000a0000000, 0x00000000a5c00000, 0x00000000e0000000)
  object space 94208K, 24% used [0x00000000a0000000,0x00000000a1642fe8,0x00000000a5c00000)
 Metaspace       used 46806K, capacity 47980K, committed 48128K, reserved 1091584K
  class space    used 6312K, capacity 6586K, committed 6656K, reserved 1048576K
GC Heap History (10 events):
Event: 7.615 GC heap before
{Heap before GC invocations=9 (full 1):
 PSYoungGen      total 62976K, used 57688K [0x00000000e0000000, 0x00000000e6480000, 0x0000000100000000)
  eden space 52736K, 100% used [0x00000000e0000000,0x00000000e3380000,0x00000000e3380000)
  from space 10240K, 48% used [0x00000000e3380000,0x00000000e3856178,0x00000000e3d80000)
  to   space 10240K, 0% used [0x00000000e5a80000,0x00000000e5a80000,0x00000000e6480000)
 ParOldGen       total 61952K, used 8596K [0x00000000a0000000, 0x00000000a3c80000, 0x00000000e0000000)
  object space 61952K, 13% used [0x00000000a0000000,0x00000000a0865340,0x00000000a3c80000)
 Metaspace       used 30334K, capacity 30900K, committed 31232K, reserved 1077248K
  class space    used 4105K, capacity 4251K, committed 4352K, reserved 1048576K
Event: 7.622 GC heap after
Heap after GC invocations=9 (full 1):
 PSYoungGen      total 87552K, used 7037K [0x00000000e0000000, 0x00000000e6180000, 0x0000000100000000)
  eden space 80384K, 0% used [0x00000000e0000000,0x00000000e0000000,0x00000000e4e80000)
  from space 7168K, 98% used [0x00000000e5a80000,0x00000000e615f620,0x00000000e6180000)
  to   space 9728K, 0% used [0x00000000e4e80000,0x00000000e4e80000,0x00000000e5800000)
 ParOldGen       total 61952K, used 8604K [0x00000000a0000000, 0x00000000a3c80000, 0x00000000e0000000)
  object space 61952K, 13% used [0x00000000a0000000,0x00000000a0867340,0x00000000a3c80000)
 Metaspace       used 30334K, capacity 30900K, committed 31232K, reserved 1077248K
  class space    used 4105K, capacity 4251K, committed 4352K, reserved 1048576K
}
Event: 8.081 GC heap before
{Heap before GC invocations=10 (full 1):
 PSYoungGen      total 87552K, used 71621K [0x00000000e0000000, 0x00000000e6180000, 0x0000000100000000)
  eden space 80384K, 80% used [0x00000000e0000000,0x00000000e3f11fc0,0x00000000e4e80000)
  from space 7168K, 98% used [0x00000000e5a80000,0x00000000e615f620,0x00000000e6180000)
  to   space 9728K, 0% used [0x00000000e4e80000,0x00000000e4e80000,0x00000000e5800000)
 ParOldGen       total 61952K, used 8604K [0x00000000a0000000, 0x00000000a3c80000, 0x00000000e0000000)
  object space 61952K, 13% used [0x00000000a0000000,0x00000000a0867340,0x00000000a3c80000)
 Metaspace       used 34716K, capacity 35256K, committed 35496K, reserved 1079296K
  class space    used 4646K, capacity 4825K, committed 4864K, reserved 1048576K
Event: 8.091 GC heap after
Heap after GC invocations=10 (full 1):
 PSYoungGen      total 90112K, used 9056K [0x00000000e0000000, 0x00000000e8000000, 0x0000000100000000)
  eden space 80384K, 0% used [0x00000000e0000000,0x00000000e0000000,0x00000000e4e80000)
  from space 9728K, 93% used [0x00000000e4e80000,0x00000000e5758030,0x00000000e5800000)
  to   space 10752K, 0% used [0x00000000e7580000,0x00000000e7580000,0x00000000e8000000)
 ParOldGen       total 61952K, used 10632K [0x00000000a0000000, 0x00000000a3c80000, 0x00000000e0000000)
  object space 61952K, 17% used [0x00000000a0000000,0x00000000a0a62360,0x00000000a3c80000)
 Metaspace       used 34716K, capacity 35256K, committed 35496K, reserved 1079296K
  class space    used 4646K, capacity 4825K, committed 4864K, reserved 1048576K
}
Event: 8.091 GC heap before
{Heap before GC invocations=11 (full 2):
 PSYoungGen      total 90112K, used 9056K [0x00000000e0000000, 0x00000000e8000000, 0x0000000100000000)
  eden space 80384K, 0% used [0x00000000e0000000,0x00000000e0000000,0x00000000e4e80000)
  from space 9728K, 93% used [0x00000000e4e80000,0x00000000e5758030,0x00000000e5800000)
  to   space 10752K, 0% used [0x00000000e7580000,0x00000000e7580000,0x00000000e8000000)
 ParOldGen       total 61952K, used 10632K [0x00000000a0000000, 0x00000000a3c80000, 0x00000000e0000000)
  object space 61952K, 17% used [0x00000000a0000000,0x00000000a0a62360,0x00000000a3c80000)
 Metaspace       used 34716K, capacity 35256K, committed 35496K, reserved 1079296K
  class space    used 4646K, capacity 4825K, committed 4864K, reserved 1048576K
Event: 8.141 GC heap after
Heap after GC invocations=11 (full 2):
 PSYoungGen      total 90112K, used 0K [0x00000000e0000000, 0x00000000e8000000, 0x0000000100000000)
  eden space 80384K, 0% used [0x00000000e0000000,0x00000000e0000000,0x00000000e4e80000)
  from space 9728K, 0% used [0x00000000e4e80000,0x00000000e4e80000,0x00000000e5800000)
  to   space 10752K, 0% used [0x00000000e7580000,0x00000000e7580000,0x00000000e8000000)
 ParOldGen       total 94208K, used 17408K [0x00000000a0000000, 0x00000000a5c00000, 0x00000000e0000000)
  object space 94208K, 18% used [0x00000000a0000000,0x00000000a1100350,0x00000000a5c00000)
 Metaspace       used 34716K, capacity 35256K, committed 35496K, reserved 1079296K
  class space    used 4646K, capacity 4825K, committed 4864K, reserved 1048576K
}
Event: 9.150 GC heap before
{Heap before GC invocations=12 (full 2):
 PSYoungGen      total 90112K, used 80384K [0x00000000e0000000, 0x00000000e8000000, 0x0000000100000000)
  eden space 80384K, 100% used [0x00000000e0000000,0x00000000e4e80000,0x00000000e4e80000)
  from space 9728K, 0% used [0x00000000e4e80000,0x00000000e4e80000,0x00000000e5800000)
  to   space 10752K, 0% used [0x00000000e7580000,0x00000000e7580000,0x00000000e8000000)
 ParOldGen       total 94208K, used 17408K [0x00000000a0000000, 0x00000000a5c00000, 0x00000000e0000000)
  object space 94208K, 18% used [0x00000000a0000000,0x00000000a1100350,0x00000000a5c00000)
 Metaspace       used 41284K, capacity 42080K, committed 42368K, reserved 1085440K
  class space    used 5504K, capacity 5706K, committed 5760K, reserved 1048576K
Event: 9.159 GC heap after
Heap after GC invocations=12 (full 2):
 PSYoungGen      total 112640K, used 7716K [0x00000000e0000000, 0x00000000e7d80000, 0x0000000100000000)
  eden space 104448K, 0% used [0x00000000e0000000,0x00000000e0000000,0x00000000e6600000)
  from space 8192K, 94% used [0x00000000e7580000,0x00000000e7d090a0,0x00000000e7d80000)
  to   space 10752K, 0% used [0x00000000e6880000,0x00000000e6880000,0x00000000e7300000)
 ParOldGen       total 94208K, used 17480K [0x00000000a0000000, 0x00000000a5c00000, 0x00000000e0000000)
  object space 94208K, 18% used [0x00000000a0000000,0x00000000a1112360,0x00000000a5c00000)
 Metaspace       used 41284K, capacity 42080K, committed 42368K, reserved 1085440K
  class space    used 5504K, capacity 5706K, committed 5760K, reserved 1048576K
}
Event: 10.888 GC heap before
{Heap before GC invocations=13 (full 2):
 PSYoungGen      total 112640K, used 112164K [0x00000000e0000000, 0x00000000e7d80000, 0x0000000100000000)
  eden space 104448K, 100% used [0x00000000e0000000,0x00000000e6600000,0x00000000e6600000)
  from space 8192K, 94% used [0x00000000e7580000,0x00000000e7d090a0,0x00000000e7d80000)
  to   space 10752K, 0% used [0x00000000e6880000,0x00000000e6880000,0x00000000e7300000)
 ParOldGen       total 94208K, used 17480K [0x00000000a0000000, 0x00000000a5c00000, 0x00000000e0000000)
  object space 94208K, 18% used [0x00000000a0000000,0x00000000a1112360,0x00000000a5c00000)
 Metaspace       used 46651K, capacity 47884K, committed 48128K, reserved 1091584K
  class space    used 6292K, capacity 6554K, committed 6656K, reserved 1048576K
Event: 10.900 GC heap after
Heap after GC invocations=13 (full 2):
 PSYoungGen      total 115200K, used 10751K [0x00000000e0000000, 0x00000000e7d80000, 0x0000000100000000)
  eden space 104448K, 0% used [0x00000000e0000000,0x00000000e0000000,0x00000000e6600000)
  from space 10752K, 99% used [0x00000000e6880000,0x00000000e72ffe30,0x00000000e7300000)
  to   space 8192K, 0% used [0x00000000e7580000,0x00000000e7580000,0x00000000e7d80000)
 ParOldGen       total 94208K, used 22795K [0x00000000a0000000, 0x00000000a5c00000, 0x00000000e0000000)
  object space 94208K, 24% used [0x00000000a0000000,0x00000000a1642fe8,0x00000000a5c00000)
 Metaspace       used 46651K, capacity 47884K, committed 48128K, reserved 1091584K
  class space    used 6292K, capacity 6554K, committed 6656K, reserved 1048576K
}

