# JRE version: OpenJDK Runtime Environment (8.0_76-b03) (build 1.8.0_76-release-b03)
# Java VM: OpenJDK 64-Bit Server VM (25.76-b03 mixed mode windows-amd64 compressed oops)
Heap:
 PSYoungGen      total 408576K, used 92709K [0x00000000e0000000, 0x0000000100000000, 0x0000000100000000)
  eden space 298496K, 30% used [0x00000000e0000000,0x00000000e5896880,0x00000000f2380000)
  from space 110080K, 1% used [0x00000000f8d00000,0x00000000f8ef2e10,0x00000000ff880000)
  to   space 108032K, 0% used [0x00000000f2380000,0x00000000f2380000,0x00000000f8d00000)
 ParOldGen       total 297984K, used 41474K [0x00000000a0000000, 0x00000000b2300000, 0x00000000e0000000)
  object space 297984K, 13% used [0x00000000a0000000,0x00000000a2880ae8,0x00000000b2300000)
 Metaspace       used 67906K, capacity 69944K, committed 70144K, reserved 1110016K
  class space    used 8542K, capacity 8958K, committed 8960K, reserved 1048576K
GC Heap History (10 events):
Event: 21.725 GC heap before
{Heap before GC invocations=23 (full 4):
 PSYoungGen      total 365056K, used 283792K [0x00000000e0000000, 0x0000000100000000, 0x0000000100000000)
  eden space 284672K, 99% used [0x00000000e0000000,0x00000000f15241b0,0x00000000f1600000)
  from space 80384K, 0% used [0x00000000fb180000,0x00000000fb180000,0x0000000100000000)
  to   space 119808K, 0% used [0x00000000f1600000,0x00000000f1600000,0x00000000f8b00000)
 ParOldGen       total 297984K, used 113038K [0x00000000a0000000, 0x00000000b2300000, 0x00000000e0000000)
  object space 297984K, 37% used [0x00000000a0000000,0x00000000a6e63a78,0x00000000b2300000)
 Metaspace       used 64677K, capacity 66450K, committed 66560K, reserved 1107968K
  class space    used 8261K, capacity 8657K, committed 8704K, reserved 1048576K
Event: 21.740 GC heap after
Heap after GC invocations=23 (full 4):
 PSYoungGen      total 404480K, used 22316K [0x00000000e0000000, 0x0000000100000000, 0x0000000100000000)
  eden space 284672K, 0% used [0x00000000e0000000,0x00000000e0000000,0x00000000f1600000)
  from space 119808K, 18% used [0x00000000f1600000,0x00000000f2bcb1c8,0x00000000f8b00000)
  to   space 115712K, 0% used [0x00000000f8f00000,0x00000000f8f00000,0x0000000100000000)
 ParOldGen       total 297984K, used 113046K [0x00000000a0000000, 0x00000000b2300000, 0x00000000e0000000)
  object space 297984K, 37% used [0x00000000a0000000,0x00000000a6e65a78,0x00000000b2300000)
 Metaspace       used 64677K, capacity 66450K, committed 66560K, reserved 1107968K
  class space    used 8261K, capacity 8657K, committed 8704K, reserved 1048576K
}
Event: 21.967 GC heap before
{Heap before GC invocations=24 (full 4):
 PSYoungGen      total 404480K, used 230967K [0x00000000e0000000, 0x0000000100000000, 0x0000000100000000)
  eden space 284672K, 73% used [0x00000000e0000000,0x00000000ecbc2b88,0x00000000f1600000)
  from space 119808K, 18% used [0x00000000f1600000,0x00000000f2bcb1c8,0x00000000f8b00000)
  to   space 115712K, 0% used [0x00000000f8f00000,0x00000000f8f00000,0x0000000100000000)
 ParOldGen       total 297984K, used 113046K [0x00000000a0000000, 0x00000000b2300000, 0x00000000e0000000)
  object space 297984K, 37% used [0x00000000a0000000,0x00000000a6e65a78,0x00000000b2300000)
 Metaspace       used 66141K, capacity 67942K, committed 68224K, reserved 1107968K
  class space    used 8422K, capacity 8787K, committed 8832K, reserved 1048576K
Event: 21.978 GC heap after
Heap after GC invocations=24 (full 4):
 PSYoungGen      total 412160K, used 18508K [0x00000000e0000000, 0x0000000100000000, 0x0000000100000000)
  eden space 296448K, 0% used [0x00000000e0000000,0x00000000e0000000,0x00000000f2180000)
  from space 115712K, 15% used [0x00000000f8f00000,0x00000000fa113220,0x0000000100000000)
  to   space 112128K, 0% used [0x00000000f2180000,0x00000000f2180000,0x00000000f8f00000)
 ParOldGen       total 297984K, used 113054K [0x00000000a0000000, 0x00000000b2300000, 0x00000000e0000000)
  object space 297984K, 37% used [0x00000000a0000000,0x00000000a6e67a78,0x00000000b2300000)
 Metaspace       used 66141K, capacity 67942K, committed 68224K, reserved 1107968K
  class space    used 8422K, capacity 8787K, committed 8832K, reserved 1048576K
}
Event: 21.978 GC heap before
{Heap before GC invocations=25 (full 5):
 PSYoungGen      total 412160K, used 18508K [0x00000000e0000000, 0x0000000100000000, 0x0000000100000000)
  eden space 296448K, 0% used [0x00000000e0000000,0x00000000e0000000,0x00000000f2180000)
  from space 115712K, 15% used [0x00000000f8f00000,0x00000000fa113220,0x0000000100000000)
  to   space 112128K, 0% used [0x00000000f2180000,0x00000000f2180000,0x00000000f8f00000)
 ParOldGen       total 297984K, used 113054K [0x00000000a0000000, 0x00000000b2300000, 0x00000000e0000000)
  object space 297984K, 37% used [0x00000000a0000000,0x00000000a6e67a78,0x00000000b2300000)
 Metaspace       used 66141K, capacity 67942K, committed 68224K, reserved 1107968K
  class space    used 8422K, capacity 8787K, committed 8832K, reserved 1048576K
Event: 22.135 GC heap after
Heap after GC invocations=25 (full 5):
 PSYoungGen      total 412160K, used 0K [0x00000000e0000000, 0x0000000100000000, 0x0000000100000000)
  eden space 296448K, 0% used [0x00000000e0000000,0x00000000e0000000,0x00000000f2180000)
  from space 115712K, 0% used [0x00000000f8f00000,0x00000000f8f00000,0x0000000100000000)
  to   space 112128K, 0% used [0x00000000f2180000,0x00000000f2180000,0x00000000f8f00000)
 ParOldGen       total 297984K, used 37470K [0x00000000a0000000, 0x00000000b2300000, 0x00000000e0000000)
  object space 297984K, 12% used [0x00000000a0000000,0x00000000a2497a18,0x00000000b2300000)
 Metaspace       used 66141K, capacity 67942K, committed 68224K, reserved 1107968K
  class space    used 8422K, capacity 8787K, committed 8832K, reserved 1048576K
}
Event: 164.684 GC heap before
{Heap before GC invocations=26 (full 5):
 PSYoungGen      total 412160K, used 296448K [0x00000000e0000000, 0x0000000100000000, 0x0000000100000000)
  eden space 296448K, 100% used [0x00000000e0000000,0x00000000f2180000,0x00000000f2180000)
  from space 115712K, 0% used [0x00000000f8f00000,0x00000000f8f00000,0x0000000100000000)
  to   space 112128K, 0% used [0x00000000f2180000,0x00000000f2180000,0x00000000f8f00000)
 ParOldGen       total 297984K, used 37470K [0x00000000a0000000, 0x00000000b2300000, 0x00000000e0000000)
  object space 297984K, 12% used [0x00000000a0000000,0x00000000a2497a18,0x00000000b2300000)
 Metaspace       used 66943K, capacity 68868K, committed 69120K, reserved 1110016K
  class space    used 8453K, capacity 8844K, committed 8960K, reserved 1048576K
Event: 164.693 GC heap after
Heap after GC invocations=26 (full 5):
 PSYoungGen      total 304128K, used 7637K [0x00000000e0000000, 0x00000000ff880000, 0x0000000100000000)
  eden space 296448K, 0% used [0x00000000e0000000,0x00000000e0000000,0x00000000f2180000)
  from space 7680K, 99% used [0x00000000f2180000,0x00000000f28f5578,0x00000000f2900000)
  to   space 110080K, 0% used [0x00000000f8d00000,0x00000000f8d00000,0x00000000ff880000)
 ParOldGen       total 297984K, used 37478K [0x00000000a0000000, 0x00000000b2300000, 0x00000000e0000000)
  object space 297984K, 12% used [0x00000000a0000000,0x00000000a2499a18,0x00000000b2300000)
 Metaspace       used 66943K, capacity 68868K, committed 69120K, reserved 1110016K
  class space    used 8453K, capacity 8844K, committed 8960K, reserved 1048576K
}
Event: 166.944 GC heap before
{Heap before GC invocations=27 (full 5):
 PSYoungGen      total 304128K, used 303261K [0x00000000e0000000, 0x00000000ff880000, 0x0000000100000000)
  eden space 296448K, 99% used [0x00000000e0000000,0x00000000f20b2050,0x00000000f2180000)
  from space 7680K, 99% used [0x00000000f2180000,0x00000000f28f5578,0x00000000f2900000)
  to   space 110080K, 0% used [0x00000000f8d00000,0x00000000f8d00000,0x00000000ff880000)
 ParOldGen       total 297984K, used 37478K [0x00000000a0000000, 0x00000000b2300000, 0x00000000e0000000)
  object space 297984K, 12% used [0x00000000a0000000,0x00000000a2499a18,0x00000000b2300000)
 Metaspace       used 67329K, capacity 69172K, committed 69376K, reserved 1110016K
  class space    used 8458K, capacity 8852K, committed 8960K, reserved 1048576K
Event: 166.949 GC heap after
Heap after GC invocations=27 (full 5):
 PSYoungGen      total 408576K, used 1995K [0x00000000e0000000, 0x0000000100000000, 0x0000000100000000)
  eden space 298496K, 0% used [0x00000000e0000000,0x00000000e0000000,0x00000000f2380000)
  from space 110080K, 1% used [0x00000000f8d00000,0x00000000f8ef2e10,0x00000000ff880000)
  to   space 108032K, 0% used [0x00000000f2380000,0x00000000f2380000,0x00000000f8d00000)
 ParOldGen       total 297984K, used 41474K [0x00000000a0000000, 0x00000000b2300000, 0x00000000e0000000)
  object space 297984K, 13% used [0x00000000a0000000,0x00000000a2880ae8,0x00000000b2300000)
 Metaspace       used 67329K, capacity 69172K, committed 69376K, reserved 1110016K
  class space    used 8458K, capacity 8852K, committed 8960K, reserved 1048576K
}

