# JRE version: OpenJDK Runtime Environment (8.0_76-b03) (build 1.8.0_76-release-b03)
# Java VM: OpenJDK 64-Bit Server VM (25.76-b03 mixed mode windows-amd64 compressed oops)
Heap:
 PSYoungGen      total 325120K, used 130415K [0x00000000e0000000, 0x00000000f6a80000, 0x0000000100000000)
  eden space 284160K, 45% used [0x00000000e0000000,0x00000000e7f5bc68,0x00000000f1580000)
  from space 40960K, 0% used [0x00000000f1580000,0x00000000f1580000,0x00000000f3d80000)
  to   space 38400K, 0% used [0x00000000f3d80000,0x00000000f3d80000,0x00000000f6300000)
 ParOldGen       total 179712K, used 132578K [0x00000000a0000000, 0x00000000aaf80000, 0x00000000e0000000)
  object space 179712K, 73% used [0x00000000a0000000,0x00000000a8178930,0x00000000aaf80000)
 Metaspace       used 67649K, capacity 69874K, committed 70192K, reserved 1110016K
  class space    used 8446K, capacity 8855K, committed 9008K, reserved 1048576K
GC Heap History (10 events):
Event: 690.808 GC heap before
{Heap before GC invocations=29 (full 5):
 PSYoungGen      total 241152K, used 212992K [0x00000000e0000000, 0x00000000f6300000, 0x0000000100000000)
  eden space 212992K, 100% used [0x00000000e0000000,0x00000000ed000000,0x00000000ed000000)
  from space 28160K, 0% used [0x00000000ed000000,0x00000000ed000000,0x00000000eeb80000)
  to   space 38400K, 0% used [0x00000000f3d80000,0x00000000f3d80000,0x00000000f6300000)
 ParOldGen       total 179712K, used 87537K [0x00000000a0000000, 0x00000000aaf80000, 0x00000000e0000000)
  object space 179712K, 48% used [0x00000000a0000000,0x00000000a557c7b8,0x00000000aaf80000)
 Metaspace       used 67167K, capacity 69426K, committed 69936K, reserved 1110016K
  class space    used 8446K, capacity 8855K, committed 9008K, reserved 1048576K
Event: 690.853 GC heap after
Heap after GC invocations=29 (full 5):
 PSYoungGen      total 322560K, used 28124K [0x00000000e0000000, 0x00000000f6a80000, 0x0000000100000000)
  eden space 284160K, 0% used [0x00000000e0000000,0x00000000e0000000,0x00000000f1580000)
  from space 38400K, 73% used [0x00000000f3d80000,0x00000000f58f70d8,0x00000000f6300000)
  to   space 40960K, 0% used [0x00000000f1580000,0x00000000f1580000,0x00000000f3d80000)
 ParOldGen       total 179712K, used 87545K [0x00000000a0000000, 0x00000000aaf80000, 0x00000000e0000000)
  object space 179712K, 48% used [0x00000000a0000000,0x00000000a557e7b8,0x00000000aaf80000)
 Metaspace       used 67167K, capacity 69426K, committed 69936K, reserved 1110016K
  class space    used 8446K, capacity 8855K, committed 9008K, reserved 1048576K
}
Event: 691.499 GC heap before
{Heap before GC invocations=30 (full 5):
 PSYoungGen      total 322560K, used 312284K [0x00000000e0000000, 0x00000000f6a80000, 0x0000000100000000)
  eden space 284160K, 100% used [0x00000000e0000000,0x00000000f1580000,0x00000000f1580000)
  from space 38400K, 73% used [0x00000000f3d80000,0x00000000f58f70d8,0x00000000f6300000)
  to   space 40960K, 0% used [0x00000000f1580000,0x00000000f1580000,0x00000000f3d80000)
 ParOldGen       total 179712K, used 87545K [0x00000000a0000000, 0x00000000aaf80000, 0x00000000e0000000)
  object space 179712K, 48% used [0x00000000a0000000,0x00000000a557e7b8,0x00000000aaf80000)
 Metaspace       used 67540K, capacity 69746K, committed 70192K, reserved 1110016K
  class space    used 8446K, capacity 8855K, committed 9008K, reserved 1048576K
Event: 691.542 GC heap after
Heap after GC invocations=30 (full 5):
 PSYoungGen      total 325120K, used 40929K [0x00000000e0000000, 0x00000000f6a80000, 0x0000000100000000)
  eden space 284160K, 0% used [0x00000000e0000000,0x00000000e0000000,0x00000000f1580000)
  from space 40960K, 99% used [0x00000000f1580000,0x00000000f3d78508,0x00000000f3d80000)
  to   space 38400K, 0% used [0x00000000f3d80000,0x00000000f3d80000,0x00000000f6300000)
 ParOldGen       total 179712K, used 92907K [0x00000000a0000000, 0x00000000aaf80000, 0x00000000e0000000)
  object space 179712K, 51% used [0x00000000a0000000,0x00000000a5abae10,0x00000000aaf80000)
 Metaspace       used 67540K, capacity 69746K, committed 70192K, reserved 1110016K
  class space    used 8446K, capacity 8855K, committed 9008K, reserved 1048576K
}
Event: 692.047 GC heap before
{Heap before GC invocations=31 (full 5):
 PSYoungGen      total 325120K, used 325089K [0x00000000e0000000, 0x00000000f6a80000, 0x0000000100000000)
  eden space 284160K, 100% used [0x00000000e0000000,0x00000000f1580000,0x00000000f1580000)
  from space 40960K, 99% used [0x00000000f1580000,0x00000000f3d78508,0x00000000f3d80000)
  to   space 38400K, 0% used [0x00000000f3d80000,0x00000000f3d80000,0x00000000f6300000)
 ParOldGen       total 179712K, used 92907K [0x00000000a0000000, 0x00000000aaf80000, 0x00000000e0000000)
  object space 179712K, 51% used [0x00000000a0000000,0x00000000a5abae10,0x00000000aaf80000)
 Metaspace       used 67631K, capacity 69874K, committed 70192K, reserved 1110016K
  class space    used 8446K, capacity 8855K, committed 9008K, reserved 1048576K
Event: 692.107 GC heap after
Heap after GC invocations=31 (full 5):
 PSYoungGen      total 322560K, used 38394K [0x00000000e0000000, 0x00000000f6a80000, 0x0000000100000000)
  eden space 284160K, 0% used [0x00000000e0000000,0x00000000e0000000,0x00000000f1580000)
  from space 38400K, 99% used [0x00000000f3d80000,0x00000000f62feb08,0x00000000f6300000)
  to   space 40960K, 0% used [0x00000000f1580000,0x00000000f1580000,0x00000000f3d80000)
 ParOldGen       total 179712K, used 129802K [0x00000000a0000000, 0x00000000aaf80000, 0x00000000e0000000)
  object space 179712K, 72% used [0x00000000a0000000,0x00000000a7ec2ab0,0x00000000aaf80000)
 Metaspace       used 67631K, capacity 69874K, committed 70192K, reserved 1110016K
  class space    used 8446K, capacity 8855K, committed 9008K, reserved 1048576K
}
Event: 692.395 GC heap before
{Heap before GC invocations=32 (full 5):
 PSYoungGen      total 322560K, used 322554K [0x00000000e0000000, 0x00000000f6a80000, 0x0000000100000000)
  eden space 284160K, 100% used [0x00000000e0000000,0x00000000f1580000,0x00000000f1580000)
  from space 38400K, 99% used [0x00000000f3d80000,0x00000000f62feb08,0x00000000f6300000)
  to   space 40960K, 0% used [0x00000000f1580000,0x00000000f1580000,0x00000000f3d80000)
 ParOldGen       total 179712K, used 129802K [0x00000000a0000000, 0x00000000aaf80000, 0x00000000e0000000)
  object space 179712K, 72% used [0x00000000a0000000,0x00000000a7ec2ab0,0x00000000aaf80000)
 Metaspace       used 67645K, capacity 69874K, committed 70192K, reserved 1110016K
  class space    used 8446K, capacity 8855K, committed 9008K, reserved 1048576K
Event: 692.472 GC heap after
Heap after GC invocations=32 (full 5):
 PSYoungGen      total 325120K, used 40929K [0x00000000e0000000, 0x00000000f6a80000, 0x0000000100000000)
  eden space 284160K, 0% used [0x00000000e0000000,0x00000000e0000000,0x00000000f1580000)
  from space 40960K, 99% used [0x00000000f1580000,0x00000000f3d78698,0x00000000f3d80000)
  to   space 38400K, 0% used [0x00000000f3d80000,0x00000000f3d80000,0x00000000f6300000)
 ParOldGen       total 179712K, used 166314K [0x00000000a0000000, 0x00000000aaf80000, 0x00000000e0000000)
  object space 179712K, 92% used [0x00000000a0000000,0x00000000aa26a8c8,0x00000000aaf80000)
 Metaspace       used 67645K, capacity 69874K, committed 70192K, reserved 1110016K
  class space    used 8446K, capacity 8855K, committed 9008K, reserved 1048576K
}
Event: 692.472 GC heap before
{Heap before GC invocations=33 (full 6):
 PSYoungGen      total 325120K, used 40929K [0x00000000e0000000, 0x00000000f6a80000, 0x0000000100000000)
  eden space 284160K, 0% used [0x00000000e0000000,0x00000000e0000000,0x00000000f1580000)
  from space 40960K, 99% used [0x00000000f1580000,0x00000000f3d78698,0x00000000f3d80000)
  to   space 38400K, 0% used [0x00000000f3d80000,0x00000000f3d80000,0x00000000f6300000)
 ParOldGen       total 179712K, used 166314K [0x00000000a0000000, 0x00000000aaf80000, 0x00000000e0000000)
  object space 179712K, 92% used [0x00000000a0000000,0x00000000aa26a8c8,0x00000000aaf80000)
 Metaspace       used 67645K, capacity 69874K, committed 70192K, reserved 1110016K
  class space    used 8446K, capacity 8855K, committed 9008K, reserved 1048576K
Event: 692.730 GC heap after
Heap after GC invocations=33 (full 6):
 PSYoungGen      total 325120K, used 0K [0x00000000e0000000, 0x00000000f6a80000, 0x0000000100000000)
  eden space 284160K, 0% used [0x00000000e0000000,0x00000000e0000000,0x00000000f1580000)
  from space 40960K, 0% used [0x00000000f1580000,0x00000000f1580000,0x00000000f3d80000)
  to   space 38400K, 0% used [0x00000000f3d80000,0x00000000f3d80000,0x00000000f6300000)
 ParOldGen       total 179712K, used 132578K [0x00000000a0000000, 0x00000000aaf80000, 0x00000000e0000000)
  object space 179712K, 73% used [0x00000000a0000000,0x00000000a8178930,0x00000000aaf80000)
 Metaspace       used 67645K, capacity 69874K, committed 70192K, reserved 1110016K
  class space    used 8446K, capacity 8855K, committed 9008K, reserved 1048576K
}

