# JRE version: OpenJDK Runtime Environment (8.0_76-b03) (build 1.8.0_76-release-b03)
# Java VM: OpenJDK 64-Bit Server VM (25.76-b03 mixed mode windows-amd64 compressed oops)
Heap:
 PSYoungGen      total 105472K, used 102854K [0x00000000e0000000, 0x00000000e8400000, 0x0000000100000000)
  eden space 99328K, 97% used [0x00000000e0000000,0x00000000e5e7bd88,0x00000000e6100000)
  from space 6144K, 99% used [0x00000000e6380000,0x00000000e6975e50,0x00000000e6980000)
  to   space 17920K, 0% used [0x00000000e7280000,0x00000000e7280000,0x00000000e8400000)
 ParOldGen       total 101888K, used 31664K [0x00000000a0000000, 0x00000000a6380000, 0x00000000e0000000)
  object space 101888K, 31% used [0x00000000a0000000,0x00000000a1eec1d8,0x00000000a6380000)
 Metaspace       used 68752K, capacity 73476K, committed 73776K, reserved 1114112K
  class space    used 8697K, capacity 9440K, committed 9520K, reserved 1048576K
GC Heap History (10 events):
Event: 2013.827 GC heap before
{Heap before GC invocations=48 (full 8):
 PSYoungGen      total 107520K, used 93214K [0x00000000e0000000, 0x00000000e9000000, 0x0000000100000000)
  eden space 104448K, 86% used [0x00000000e0000000,0x00000000e584f9e0,0x00000000e6600000)
  from space 3072K, 90% used [0x00000000e6900000,0x00000000e6bb8020,0x00000000e6c00000)
  to   space 21504K, 0% used [0x00000000e7b00000,0x00000000e7b00000,0x00000000e9000000)
 ParOldGen       total 101888K, used 30410K [0x00000000a0000000, 0x00000000a6380000, 0x00000000e0000000)
  object space 101888K, 29% used [0x00000000a0000000,0x00000000a1db2820,0x00000000a6380000)
 Metaspace       used 66877K, capacity 71460K, committed 71728K, reserved 1112064K
  class space    used 8504K, capacity 9230K, committed 9264K, reserved 1048576K
Event: 2013.830 GC heap after
Heap after GC invocations=48 (full 8):
 PSYoungGen      total 124928K, used 2243K [0x00000000e0000000, 0x00000000e8f00000, 0x0000000100000000)
  eden space 104448K, 0% used [0x00000000e0000000,0x00000000e0000000,0x00000000e6600000)
  from space 20480K, 10% used [0x00000000e7b00000,0x00000000e7d30c90,0x00000000e8f00000)
  to   space 20992K, 0% used [0x00000000e6600000,0x00000000e6600000,0x00000000e7a80000)
 ParOldGen       total 101888K, used 30418K [0x00000000a0000000, 0x00000000a6380000, 0x00000000e0000000)
  object space 101888K, 29% used [0x00000000a0000000,0x00000000a1db4820,0x00000000a6380000)
 Metaspace       used 66877K, capacity 71460K, committed 71728K, reserved 1112064K
  class space    used 8504K, capacity 9230K, committed 9264K, reserved 1048576K
}
Event: 2013.836 GC heap before
{Heap before GC invocations=49 (full 9):
 PSYoungGen      total 124928K, used 2243K [0x00000000e0000000, 0x00000000e8f00000, 0x0000000100000000)
  eden space 104448K, 0% used [0x00000000e0000000,0x00000000e0000000,0x00000000e6600000)
  from space 20480K, 10% used [0x00000000e7b00000,0x00000000e7d30c90,0x00000000e8f00000)
  to   space 20992K, 0% used [0x00000000e6600000,0x00000000e6600000,0x00000000e7a80000)
 ParOldGen       total 101888K, used 30418K [0x00000000a0000000, 0x00000000a6380000, 0x00000000e0000000)
  object space 101888K, 29% used [0x00000000a0000000,0x00000000a1db4820,0x00000000a6380000)
 Metaspace       used 66877K, capacity 71460K, committed 71728K, reserved 1112064K
  class space    used 8504K, capacity 9230K, committed 9264K, reserved 1048576K
Event: 2014.061 GC heap after
Heap after GC invocations=49 (full 9):
 PSYoungGen      total 124928K, used 0K [0x00000000e0000000, 0x00000000e8f00000, 0x0000000100000000)
  eden space 104448K, 0% used [0x00000000e0000000,0x00000000e0000000,0x00000000e6600000)
  from space 20480K, 0% used [0x00000000e7b00000,0x00000000e7b00000,0x00000000e8f00000)
  to   space 20992K, 0% used [0x00000000e6600000,0x00000000e6600000,0x00000000e7a80000)
 ParOldGen       total 101888K, used 31640K [0x00000000a0000000, 0x00000000a6380000, 0x00000000e0000000)
  object space 101888K, 31% used [0x00000000a0000000,0x00000000a1ee61d8,0x00000000a6380000)
 Metaspace       used 66874K, capacity 71454K, committed 71728K, reserved 1112064K
  class space    used 8504K, capacity 9229K, committed 9264K, reserved 1048576K
}
Event: 2024.820 GC heap before
{Heap before GC invocations=50 (full 9):
 PSYoungGen      total 124928K, used 104448K [0x00000000e0000000, 0x00000000e8f00000, 0x0000000100000000)
  eden space 104448K, 100% used [0x00000000e0000000,0x00000000e6600000,0x00000000e6600000)
  from space 20480K, 0% used [0x00000000e7b00000,0x00000000e7b00000,0x00000000e8f00000)
  to   space 20992K, 0% used [0x00000000e6600000,0x00000000e6600000,0x00000000e7a80000)
 ParOldGen       total 101888K, used 31640K [0x00000000a0000000, 0x00000000a6380000, 0x00000000e0000000)
  object space 101888K, 31% used [0x00000000a0000000,0x00000000a1ee61d8,0x00000000a6380000)
 Metaspace       used 66933K, capacity 71542K, committed 71728K, reserved 1112064K
  class space    used 8511K, capacity 9237K, committed 9264K, reserved 1048576K
Event: 2024.824 GC heap after
Heap after GC invocations=50 (full 9):
 PSYoungGen      total 125440K, used 4096K [0x00000000e0000000, 0x00000000e9400000, 0x0000000100000000)
  eden space 104448K, 0% used [0x00000000e0000000,0x00000000e0000000,0x00000000e6600000)
  from space 20992K, 19% used [0x00000000e6600000,0x00000000e6a00000,0x00000000e7a80000)
  to   space 19968K, 0% used [0x00000000e8080000,0x00000000e8080000,0x00000000e9400000)
 ParOldGen       total 101888K, used 31648K [0x00000000a0000000, 0x00000000a6380000, 0x00000000e0000000)
  object space 101888K, 31% used [0x00000000a0000000,0x00000000a1ee81d8,0x00000000a6380000)
 Metaspace       used 66933K, capacity 71542K, committed 71728K, reserved 1112064K
  class space    used 8511K, capacity 9237K, committed 9264K, reserved 1048576K
}
Event: 2540.040 GC heap before
{Heap before GC invocations=51 (full 9):
 PSYoungGen      total 125440K, used 108544K [0x00000000e0000000, 0x00000000e9400000, 0x0000000100000000)
  eden space 104448K, 100% used [0x00000000e0000000,0x00000000e6600000,0x00000000e6600000)
  from space 20992K, 19% used [0x00000000e6600000,0x00000000e6a00000,0x00000000e7a80000)
  to   space 19968K, 0% used [0x00000000e8080000,0x00000000e8080000,0x00000000e9400000)
 ParOldGen       total 101888K, used 31648K [0x00000000a0000000, 0x00000000a6380000, 0x00000000e0000000)
  object space 101888K, 31% used [0x00000000a0000000,0x00000000a1ee81d8,0x00000000a6380000)
 Metaspace       used 67057K, capacity 71694K, committed 71728K, reserved 1112064K
  class space    used 8519K, capacity 9245K, committed 9264K, reserved 1048576K
Event: 2540.044 GC heap after
Heap after GC invocations=51 (full 9):
 PSYoungGen      total 111104K, used 1264K [0x00000000e0000000, 0x00000000e8980000, 0x0000000100000000)
  eden space 101888K, 0% used [0x00000000e0000000,0x00000000e0000000,0x00000000e6380000)
  from space 9216K, 13% used [0x00000000e8080000,0x00000000e81bc010,0x00000000e8980000)
  to   space 19456K, 0% used [0x00000000e6380000,0x00000000e6380000,0x00000000e7680000)
 ParOldGen       total 101888K, used 31656K [0x00000000a0000000, 0x00000000a6380000, 0x00000000e0000000)
  object space 101888K, 31% used [0x00000000a0000000,0x00000000a1eea1d8,0x00000000a6380000)
 Metaspace       used 67057K, capacity 71694K, committed 71728K, reserved 1112064K
  class space    used 8519K, capacity 9245K, committed 9264K, reserved 1048576K
}
Event: 2543.818 GC heap before
{Heap before GC invocations=52 (full 9):
 PSYoungGen      total 111104K, used 103152K [0x00000000e0000000, 0x00000000e8980000, 0x0000000100000000)
  eden space 101888K, 100% used [0x00000000e0000000,0x00000000e6380000,0x00000000e6380000)
  from space 9216K, 13% used [0x00000000e8080000,0x00000000e81bc010,0x00000000e8980000)
  to   space 19456K, 0% used [0x00000000e6380000,0x00000000e6380000,0x00000000e7680000)
 ParOldGen       total 101888K, used 31656K [0x00000000a0000000, 0x00000000a6380000, 0x00000000e0000000)
  object space 101888K, 31% used [0x00000000a0000000,0x00000000a1eea1d8,0x00000000a6380000)
 Metaspace       used 67523K, capacity 72184K, committed 72368K, reserved 1112064K
  class space    used 8566K, capacity 9278K, committed 9392K, reserved 1048576K
Event: 2543.825 GC heap after
Heap after GC invocations=52 (full 9):
 PSYoungGen      total 105472K, used 6103K [0x00000000e0000000, 0x00000000e8400000, 0x0000000100000000)
  eden space 99328K, 0% used [0x00000000e0000000,0x00000000e0000000,0x00000000e6100000)
  from space 6144K, 99% used [0x00000000e6380000,0x00000000e6975e50,0x00000000e6980000)
  to   space 17920K, 0% used [0x00000000e7280000,0x00000000e7280000,0x00000000e8400000)
 ParOldGen       total 101888K, used 31664K [0x00000000a0000000, 0x00000000a6380000, 0x00000000e0000000)
  object space 101888K, 31% used [0x00000000a0000000,0x00000000a1eec1d8,0x00000000a6380000)
 Metaspace       used 67523K, capacity 72184K, committed 72368K, reserved 1112064K
  class space    used 8566K, capacity 9278K, committed 9392K, reserved 1048576K
}

