# JRE version: OpenJDK Runtime Environment (8.0_76-b03) (build 1.8.0_76-release-b03)
# Java VM: OpenJDK 64-Bit Server VM (25.76-b03 mixed mode windows-amd64 compressed oops)
Heap:
 PSYoungGen      total 119808K, used 105611K [0x00000000e0000000, 0x00000000e8900000, 0x0000000100000000)
  eden space 111104K, 87% used [0x00000000e0000000,0x00000000e5ef0780,0x00000000e6c80000)
  from space 8704K, 96% used [0x00000000e8080000,0x00000000e88b26c8,0x00000000e8900000)
  to   space 10240K, 0% used [0x00000000e7500000,0x00000000e7500000,0x00000000e7f00000)
 ParOldGen       total 88576K, used 15998K [0x00000000a0000000, 0x00000000a5680000, 0x00000000e0000000)
  object space 88576K, 18% used [0x00000000a0000000,0x00000000a0f9fbc0,0x00000000a5680000)
 Metaspace       used 46544K, capacity 47792K, committed 48040K, reserved 1091584K
  class space    used 6275K, capacity 6546K, committed 6576K, reserved 1048576K
GC Heap History (10 events):
Event: 6.622 GC heap before
{Heap before GC invocations=8 (full 1):
 PSYoungGen      total 65024K, used 60657K [0x00000000e0000000, 0x00000000e4a00000, 0x0000000100000000)
  eden space 55296K, 100% used [0x00000000e0000000,0x00000000e3600000,0x00000000e3600000)
  from space 9728K, 55% used [0x00000000e4080000,0x00000000e45bc468,0x00000000e4a00000)
  to   space 10240K, 0% used [0x00000000e3600000,0x00000000e3600000,0x00000000e4000000)
 ParOldGen       total 59904K, used 10798K [0x00000000a0000000, 0x00000000a3a80000, 0x00000000e0000000)
  object space 59904K, 18% used [0x00000000a0000000,0x00000000a0a8bad8,0x00000000a3a80000)
 Metaspace       used 27764K, capacity 28290K, committed 28592K, reserved 1073152K
  class space    used 3778K, capacity 3909K, committed 4016K, reserved 1048576K
Event: 6.627 GC heap after
Heap after GC invocations=8 (full 1):
 PSYoungGen      total 65536K, used 5072K [0x00000000e0000000, 0x00000000e6c00000, 0x0000000100000000)
  eden space 55296K, 0% used [0x00000000e0000000,0x00000000e0000000,0x00000000e3600000)
  from space 10240K, 49% used [0x00000000e3600000,0x00000000e3af4360,0x00000000e4000000)
  to   space 10240K, 0% used [0x00000000e6200000,0x00000000e6200000,0x00000000e6c00000)
 ParOldGen       total 59904K, used 10814K [0x00000000a0000000, 0x00000000a3a80000, 0x00000000e0000000)
  object space 59904K, 18% used [0x00000000a0000000,0x00000000a0a8faf0,0x00000000a3a80000)
 Metaspace       used 27764K, capacity 28290K, committed 28592K, reserved 1073152K
  class space    used 3778K, capacity 3909K, committed 4016K, reserved 1048576K
}
Event: 8.309 GC heap before
{Heap before GC invocations=9 (full 1):
 PSYoungGen      total 65536K, used 60368K [0x00000000e0000000, 0x00000000e6c00000, 0x0000000100000000)
  eden space 55296K, 100% used [0x00000000e0000000,0x00000000e3600000,0x00000000e3600000)
  from space 10240K, 49% used [0x00000000e3600000,0x00000000e3af4360,0x00000000e4000000)
  to   space 10240K, 0% used [0x00000000e6200000,0x00000000e6200000,0x00000000e6c00000)
 ParOldGen       total 59904K, used 10814K [0x00000000a0000000, 0x00000000a3a80000, 0x00000000e0000000)
  object space 59904K, 18% used [0x00000000a0000000,0x00000000a0a8faf0,0x00000000a3a80000)
 Metaspace       used 31417K, capacity 32032K, committed 32304K, reserved 1077248K
  class space    used 4223K, capacity 4395K, committed 4400K, reserved 1048576K
Event: 8.321 GC heap after
Heap after GC invocations=9 (full 1):
 PSYoungGen      total 97280K, used 7822K [0x00000000e0000000, 0x00000000e6a80000, 0x0000000100000000)
  eden space 88576K, 0% used [0x00000000e0000000,0x00000000e0000000,0x00000000e5680000)
  from space 8704K, 89% used [0x00000000e6200000,0x00000000e69a3818,0x00000000e6a80000)
  to   space 10240K, 0% used [0x00000000e5680000,0x00000000e5680000,0x00000000e6080000)
 ParOldGen       total 59904K, used 10886K [0x00000000a0000000, 0x00000000a3a80000, 0x00000000e0000000)
  object space 59904K, 18% used [0x00000000a0000000,0x00000000a0aa1b00,0x00000000a3a80000)
 Metaspace       used 31417K, capacity 32032K, committed 32304K, reserved 1077248K
  class space    used 4223K, capacity 4395K, committed 4400K, reserved 1048576K
}
Event: 8.973 GC heap before
{Heap before GC invocations=10 (full 1):
 PSYoungGen      total 97280K, used 63626K [0x00000000e0000000, 0x00000000e6a80000, 0x0000000100000000)
  eden space 88576K, 63% used [0x00000000e0000000,0x00000000e367f070,0x00000000e5680000)
  from space 8704K, 89% used [0x00000000e6200000,0x00000000e69a3818,0x00000000e6a80000)
  to   space 10240K, 0% used [0x00000000e5680000,0x00000000e5680000,0x00000000e6080000)
 ParOldGen       total 59904K, used 10886K [0x00000000a0000000, 0x00000000a3a80000, 0x00000000e0000000)
  object space 59904K, 18% used [0x00000000a0000000,0x00000000a0aa1b00,0x00000000a3a80000)
 Metaspace       used 34426K, capacity 35064K, committed 35496K, reserved 1079296K
  class space    used 4609K, capacity 4761K, committed 4784K, reserved 1048576K
Event: 8.985 GC heap after
Heap after GC invocations=10 (full 1):
 PSYoungGen      total 98816K, used 6425K [0x00000000e0000000, 0x00000000e8a00000, 0x0000000100000000)
  eden space 88576K, 0% used [0x00000000e0000000,0x00000000e0000000,0x00000000e5680000)
  from space 10240K, 62% used [0x00000000e5680000,0x00000000e5cc66b8,0x00000000e6080000)
  to   space 9728K, 0% used [0x00000000e8080000,0x00000000e8080000,0x00000000e8a00000)
 ParOldGen       total 59904K, used 13478K [0x00000000a0000000, 0x00000000a3a80000, 0x00000000e0000000)
  object space 59904K, 22% used [0x00000000a0000000,0x00000000a0d29b30,0x00000000a3a80000)
 Metaspace       used 34426K, capacity 35064K, committed 35496K, reserved 1079296K
  class space    used 4609K, capacity 4761K, committed 4784K, reserved 1048576K
}
Event: 8.985 GC heap before
{Heap before GC invocations=11 (full 2):
 PSYoungGen      total 98816K, used 6425K [0x00000000e0000000, 0x00000000e8a00000, 0x0000000100000000)
  eden space 88576K, 0% used [0x00000000e0000000,0x00000000e0000000,0x00000000e5680000)
  from space 10240K, 62% used [0x00000000e5680000,0x00000000e5cc66b8,0x00000000e6080000)
  to   space 9728K, 0% used [0x00000000e8080000,0x00000000e8080000,0x00000000e8a00000)
 ParOldGen       total 59904K, used 13478K [0x00000000a0000000, 0x00000000a3a80000, 0x00000000e0000000)
  object space 59904K, 22% used [0x00000000a0000000,0x00000000a0d29b30,0x00000000a3a80000)
 Metaspace       used 34426K, capacity 35064K, committed 35496K, reserved 1079296K
  class space    used 4609K, capacity 4761K, committed 4784K, reserved 1048576K
Event: 9.076 GC heap after
Heap after GC invocations=11 (full 2):
 PSYoungGen      total 98816K, used 0K [0x00000000e0000000, 0x00000000e8a00000, 0x0000000100000000)
  eden space 88576K, 0% used [0x00000000e0000000,0x00000000e0000000,0x00000000e5680000)
  from space 10240K, 0% used [0x00000000e5680000,0x00000000e5680000,0x00000000e6080000)
  to   space 9728K, 0% used [0x00000000e8080000,0x00000000e8080000,0x00000000e8a00000)
 ParOldGen       total 88576K, used 15926K [0x00000000a0000000, 0x00000000a5680000, 0x00000000e0000000)
  object space 88576K, 17% used [0x00000000a0000000,0x00000000a0f8dbb0,0x00000000a5680000)
 Metaspace       used 34426K, capacity 35064K, committed 35496K, reserved 1079296K
  class space    used 4609K, capacity 4761K, committed 4784K, reserved 1048576K
}
Event: 10.595 GC heap before
{Heap before GC invocations=12 (full 2):
 PSYoungGen      total 98816K, used 88576K [0x00000000e0000000, 0x00000000e8a00000, 0x0000000100000000)
  eden space 88576K, 100% used [0x00000000e0000000,0x00000000e5680000,0x00000000e5680000)
  from space 10240K, 0% used [0x00000000e5680000,0x00000000e5680000,0x00000000e6080000)
  to   space 9728K, 0% used [0x00000000e8080000,0x00000000e8080000,0x00000000e8a00000)
 ParOldGen       total 88576K, used 15926K [0x00000000a0000000, 0x00000000a5680000, 0x00000000e0000000)
  object space 88576K, 17% used [0x00000000a0000000,0x00000000a0f8dbb0,0x00000000a5680000)
 Metaspace       used 41378K, capacity 42220K, committed 42664K, reserved 1085440K
  class space    used 5505K, capacity 5708K, committed 5808K, reserved 1048576K
Event: 10.602 GC heap after
Heap after GC invocations=12 (full 2):
 PSYoungGen      total 119808K, used 8393K [0x00000000e0000000, 0x00000000e8900000, 0x0000000100000000)
  eden space 111104K, 0% used [0x00000000e0000000,0x00000000e0000000,0x00000000e6c80000)
  from space 8704K, 96% used [0x00000000e8080000,0x00000000e88b26c8,0x00000000e8900000)
  to   space 10240K, 0% used [0x00000000e7500000,0x00000000e7500000,0x00000000e7f00000)
 ParOldGen       total 88576K, used 15998K [0x00000000a0000000, 0x00000000a5680000, 0x00000000e0000000)
  object space 88576K, 18% used [0x00000000a0000000,0x00000000a0f9fbc0,0x00000000a5680000)
 Metaspace       used 41378K, capacity 42220K, committed 42664K, reserved 1085440K
  class space    used 5505K, capacity 5708K, committed 5808K, reserved 1048576K
}

